<?xml version="1.0" encoding="UTF-8"?>
<testsuite name="ContactsTest" tests="4" skipped="0" failures="0" errors="0" timestamp="2022-04-15T11:31:40" hostname="DESKTOP-E846C13" time="0.055">
  <properties/>
  <testcase name="[1] PITE" classname="ContactsTest" time="0.043"/>
  <testcase name="getTel()" classname="ContactsTest" time="0.002"/>
  <testcase name="contactsContainer()" classname="ContactsTest" time="0.003"/>
  <testcase name="testHashCode()" classname="ContactsTest" time="0.001"/>
  <system-out><![CDATA[]]></system-out>
  <system-err><![CDATA[]]></system-err>
</testsuite>
